c:\users\sean muldoon\documents\github\games-programming-2-coursework\gp2\lab1\debug\vc142.pdb
c:\users\sean muldoon\documents\github\games-programming-2-coursework\gp2\lab1\debug\vc142.idb
c:\users\sean muldoon\documents\github\games-programming-2-coursework\gp2\lab1\debug\texture.obj
c:\users\sean muldoon\documents\github\games-programming-2-coursework\gp2\lab1\debug\shader.obj
c:\users\sean muldoon\documents\github\games-programming-2-coursework\gp2\lab1\debug\obj_loader.obj
c:\users\sean muldoon\documents\github\games-programming-2-coursework\gp2\lab1\debug\mesh.obj
c:\users\sean muldoon\documents\github\games-programming-2-coursework\gp2\lab1\debug\main.obj
c:\users\sean muldoon\documents\github\games-programming-2-coursework\gp2\lab1\debug\gameloop.obj
c:\users\sean muldoon\documents\github\games-programming-2-coursework\gp2\lab1\debug\display.obj
c:\users\sean muldoon\documents\github\games-programming-2-coursework\gp2\lab1\debug\audio.obj
c:\users\sean muldoon\documents\github\games-programming-2-coursework\gp2\lab1\debug\stb_image.obj
c:\users\sean muldoon\documents\github\games-programming-2-coursework\gp2\debug\gp2 coursework.ilk
c:\users\sean muldoon\documents\github\games-programming-2-coursework\gp2\debug\gp2 coursework.exe
c:\users\sean muldoon\documents\github\games-programming-2-coursework\gp2\debug\gp2 coursework.pdb
c:\users\sean muldoon\documents\github\games-programming-2-coursework\gp2\lab1\debug\gp2 coursework.tlog\cl.command.1.tlog
c:\users\sean muldoon\documents\github\games-programming-2-coursework\gp2\lab1\debug\gp2 coursework.tlog\cl.read.1.tlog
c:\users\sean muldoon\documents\github\games-programming-2-coursework\gp2\lab1\debug\gp2 coursework.tlog\cl.write.1.tlog
c:\users\sean muldoon\documents\github\games-programming-2-coursework\gp2\lab1\debug\gp2 coursework.tlog\link.command.1.tlog
c:\users\sean muldoon\documents\github\games-programming-2-coursework\gp2\lab1\debug\gp2 coursework.tlog\link.read.1.tlog
c:\users\sean muldoon\documents\github\games-programming-2-coursework\gp2\lab1\debug\gp2 coursework.tlog\link.write.1.tlog
